# JRE version: OpenJDK Runtime Environment (8.0_282-b08) (build 1.8.0_282-b08)
# Java VM: OpenJDK 64-Bit Server VM (25.282-b08 mixed mode windows-amd64 compressed oops)
Heap:
 PSYoungGen      total 158208K, used 73030K [0x00000000f5580000, 0x0000000100000000, 0x0000000100000000)
  eden space 141824K, 39% used [0x00000000f5580000,0x00000000f8cd4938,0x00000000fe000000)
  from space 16384K, 99% used [0x00000000fe000000,0x00000000feffd008,0x00000000ff000000)
  to   space 16384K, 0% used [0x00000000ff000000,0x00000000ff000000,0x0000000100000000)
 ParOldGen       total 175104K, used 19828K [0x00000000e0000000, 0x00000000eab00000, 0x00000000f5580000)
  object space 175104K, 11% used [0x00000000e0000000,0x00000000e135d180,0x00000000eab00000)
 Metaspace       used 49541K, capacity 51170K, committed 51328K, reserved 1093632K
  class space    used 6765K, capacity 7200K, committed 7296K, reserved 1048576K
GC Heap History (10 events):
Event: 2.787 GC heap before
{Heap before GC invocations=5 (full 1):
 PSYoungGen      total 141824K, used 7428K [0x00000000f5580000, 0x00000000fea80000, 0x0000000100000000)
  eden space 131072K, 0% used [0x00000000f5580000,0x00000000f5580000,0x00000000fd580000)
  from space 10752K, 69% used [0x00000000fe000000,0x00000000fe741350,0x00000000fea80000)
  to   space 10752K, 0% used [0x00000000fd580000,0x00000000fd580000,0x00000000fe000000)
 ParOldGen       total 175104K, used 1733K [0x00000000e0000000, 0x00000000eab00000, 0x00000000f5580000)
  object space 175104K, 0% used [0x00000000e0000000,0x00000000e01b1738,0x00000000eab00000)
 Metaspace       used 20763K, capacity 21094K, committed 21296K, reserved 1067008K
  class space    used 2997K, capacity 3145K, committed 3200K, reserved 1048576K
Event: 2.818 GC heap after
Heap after GC invocations=5 (full 1):
 PSYoungGen      total 141824K, used 0K [0x00000000f5580000, 0x00000000fea80000, 0x0000000100000000)
  eden space 131072K, 0% used [0x00000000f5580000,0x00000000f5580000,0x00000000fd580000)
  from space 10752K, 0% used [0x00000000fe000000,0x00000000fe000000,0x00000000fea80000)
  to   space 10752K, 0% used [0x00000000fd580000,0x00000000fd580000,0x00000000fe000000)
 ParOldGen       total 175104K, used 7237K [0x00000000e0000000, 0x00000000eab00000, 0x00000000f5580000)
  object space 175104K, 4% used [0x00000000e0000000,0x00000000e07116f0,0x00000000eab00000)
 Metaspace       used 20763K, capacity 21094K, committed 21296K, reserved 1067008K
  class space    used 2997K, capacity 3145K, committed 3200K, reserved 1048576K
}
Event: 73.219 GC heap before
{Heap before GC invocations=6 (full 1):
 PSYoungGen      total 141824K, used 131072K [0x00000000f5580000, 0x00000000fea80000, 0x0000000100000000)
  eden space 131072K, 100% used [0x00000000f5580000,0x00000000fd580000,0x00000000fd580000)
  from space 10752K, 0% used [0x00000000fe000000,0x00000000fe000000,0x00000000fea80000)
  to   space 10752K, 0% used [0x00000000fd580000,0x00000000fd580000,0x00000000fe000000)
 ParOldGen       total 175104K, used 7237K [0x00000000e0000000, 0x00000000eab00000, 0x00000000f5580000)
  object space 175104K, 4% used [0x00000000e0000000,0x00000000e07116f0,0x00000000eab00000)
 Metaspace       used 30991K, capacity 31668K, committed 31744K, reserved 1077248K
  class space    used 4278K, capacity 4546K, committed 4608K, reserved 1048576K
Event: 73.232 GC heap after
Heap after GC invocations=6 (full 1):
 PSYoungGen      total 141824K, used 10746K [0x00000000f5580000, 0x0000000100000000, 0x0000000100000000)
  eden space 131072K, 0% used [0x00000000f5580000,0x00000000f5580000,0x00000000fd580000)
  from space 10752K, 99% used [0x00000000fd580000,0x00000000fdffe8b8,0x00000000fe000000)
  to   space 15872K, 0% used [0x00000000ff080000,0x00000000ff080000,0x0000000100000000)
 ParOldGen       total 175104K, used 9606K [0x00000000e0000000, 0x00000000eab00000, 0x00000000f5580000)
  object space 175104K, 5% used [0x00000000e0000000,0x00000000e0961838,0x00000000eab00000)
 Metaspace       used 30991K, capacity 31668K, committed 31744K, reserved 1077248K
  class space    used 4278K, capacity 4546K, committed 4608K, reserved 1048576K
}
Event: 73.806 GC heap before
{Heap before GC invocations=7 (full 1):
 PSYoungGen      total 141824K, used 82396K [0x00000000f5580000, 0x0000000100000000, 0x0000000100000000)
  eden space 131072K, 54% used [0x00000000f5580000,0x00000000f9b78910,0x00000000fd580000)
  from space 10752K, 99% used [0x00000000fd580000,0x00000000fdffe8b8,0x00000000fe000000)
  to   space 15872K, 0% used [0x00000000ff080000,0x00000000ff080000,0x0000000100000000)
 ParOldGen       total 175104K, used 9606K [0x00000000e0000000, 0x00000000eab00000, 0x00000000f5580000)
  object space 175104K, 5% used [0x00000000e0000000,0x00000000e0961838,0x00000000eab00000)
 Metaspace       used 34666K, capacity 35460K, committed 35496K, reserved 1079296K
  class space    used 4837K, capacity 5086K, committed 5120K, reserved 1048576K
Event: 73.816 GC heap after
Heap after GC invocations=7 (full 1):
 PSYoungGen      total 157696K, used 12553K [0x00000000f5580000, 0x0000000100000000, 0x0000000100000000)
  eden space 141824K, 0% used [0x00000000f5580000,0x00000000f5580000,0x00000000fe000000)
  from space 15872K, 79% used [0x00000000ff080000,0x00000000ffcc2770,0x0000000100000000)
  to   space 16384K, 0% used [0x00000000fe000000,0x00000000fe000000,0x00000000ff000000)
 ParOldGen       total 175104K, used 9614K [0x00000000e0000000, 0x00000000eab00000, 0x00000000f5580000)
  object space 175104K, 5% used [0x00000000e0000000,0x00000000e0963838,0x00000000eab00000)
 Metaspace       used 34666K, capacity 35460K, committed 35496K, reserved 1079296K
  class space    used 4837K, capacity 5086K, committed 5120K, reserved 1048576K
}
Event: 73.816 GC heap before
{Heap before GC invocations=8 (full 2):
 PSYoungGen      total 157696K, used 12553K [0x00000000f5580000, 0x0000000100000000, 0x0000000100000000)
  eden space 141824K, 0% used [0x00000000f5580000,0x00000000f5580000,0x00000000fe000000)
  from space 15872K, 79% used [0x00000000ff080000,0x00000000ffcc2770,0x0000000100000000)
  to   space 16384K, 0% used [0x00000000fe000000,0x00000000fe000000,0x00000000ff000000)
 ParOldGen       total 175104K, used 9614K [0x00000000e0000000, 0x00000000eab00000, 0x00000000f5580000)
  object space 175104K, 5% used [0x00000000e0000000,0x00000000e0963838,0x00000000eab00000)
 Metaspace       used 34666K, capacity 35460K, committed 35496K, reserved 1079296K
  class space    used 4837K, capacity 5086K, committed 5120K, reserved 1048576K
Event: 73.856 GC heap after
Heap after GC invocations=8 (full 2):
 PSYoungGen      total 157696K, used 0K [0x00000000f5580000, 0x0000000100000000, 0x0000000100000000)
  eden space 141824K, 0% used [0x00000000f5580000,0x00000000f5580000,0x00000000fe000000)
  from space 15872K, 0% used [0x00000000ff080000,0x00000000ff080000,0x0000000100000000)
  to   space 16384K, 0% used [0x00000000fe000000,0x00000000fe000000,0x00000000ff000000)
 ParOldGen       total 175104K, used 19097K [0x00000000e0000000, 0x00000000eab00000, 0x00000000f5580000)
  object space 175104K, 10% used [0x00000000e0000000,0x00000000e12a66f0,0x00000000eab00000)
 Metaspace       used 34666K, capacity 35460K, committed 35496K, reserved 1079296K
  class space    used 4837K, capacity 5086K, committed 5120K, reserved 1048576K
}
Event: 75.609 GC heap before
{Heap before GC invocations=9 (full 2):
 PSYoungGen      total 157696K, used 141824K [0x00000000f5580000, 0x0000000100000000, 0x0000000100000000)
  eden space 141824K, 100% used [0x00000000f5580000,0x00000000fe000000,0x00000000fe000000)
  from space 15872K, 0% used [0x00000000ff080000,0x00000000ff080000,0x0000000100000000)
  to   space 16384K, 0% used [0x00000000fe000000,0x00000000fe000000,0x00000000ff000000)
 ParOldGen       total 175104K, used 19097K [0x00000000e0000000, 0x00000000eab00000, 0x00000000f5580000)
  object space 175104K, 10% used [0x00000000e0000000,0x00000000e12a66f0,0x00000000eab00000)
 Metaspace       used 46187K, capacity 47504K, committed 47744K, reserved 1089536K
  class space    used 6313K, capacity 6696K, committed 6784K, reserved 1048576K
Event: 75.622 GC heap after
Heap after GC invocations=9 (full 2):
 PSYoungGen      total 158208K, used 16372K [0x00000000f5580000, 0x0000000100000000, 0x0000000100000000)
  eden space 141824K, 0% used [0x00000000f5580000,0x00000000f5580000,0x00000000fe000000)
  from space 16384K, 99% used [0x00000000fe000000,0x00000000feffd008,0x00000000ff000000)
  to   space 16384K, 0% used [0x00000000ff000000,0x00000000ff000000,0x0000000100000000)
 ParOldGen       total 175104K, used 19828K [0x00000000e0000000, 0x00000000eab00000, 0x00000000f5580000)
  object space 175104K, 11% used [0x00000000e0000000,0x00000000e135d180,0x00000000eab00000)
 Metaspace       used 46187K, capacity 47504K, committed 47744K, reserved 1089536K
  class space    used 6313K, capacity 6696K, committed 6784K, reserved 1048576K
}

